                              1 ;--------------------------------------------------------
                              2 ; File Created by SDCC : FreeWare ANSI-C Compiler
                              3 ; Version 2.6.0 #4309 (Jul 28 2006)
                              4 ; This file generated Wed Apr 06 00:58:01 2016
                              5 ;--------------------------------------------------------
                              6 	.module LCD_Custom
                              7 	.optsdcc -mmcs51 --model-large
                              8 	
                              9 ;--------------------------------------------------------
                             10 ; Public variables in this module
                             11 ;--------------------------------------------------------
                             12 	.globl _DATA_write1
                             13 	.globl _RW
                             14 	.globl _RS
                             15 	.globl _TF1
                             16 	.globl _TR1
                             17 	.globl _TF0
                             18 	.globl _TR0
                             19 	.globl _IE1
                             20 	.globl _IT1
                             21 	.globl _IE0
                             22 	.globl _IT0
                             23 	.globl _SM0
                             24 	.globl _SM1
                             25 	.globl _SM2
                             26 	.globl _REN
                             27 	.globl _TB8
                             28 	.globl _RB8
                             29 	.globl _TI
                             30 	.globl _RI
                             31 	.globl _CY
                             32 	.globl _AC
                             33 	.globl _F0
                             34 	.globl _RS1
                             35 	.globl _RS0
                             36 	.globl _OV
                             37 	.globl _F1
                             38 	.globl _P
                             39 	.globl _RD
                             40 	.globl _WR
                             41 	.globl _T1
                             42 	.globl _T0
                             43 	.globl _INT1
                             44 	.globl _INT0
                             45 	.globl _TXD0
                             46 	.globl _TXD
                             47 	.globl _RXD0
                             48 	.globl _RXD
                             49 	.globl _P3_7
                             50 	.globl _P3_6
                             51 	.globl _P3_5
                             52 	.globl _P3_4
                             53 	.globl _P3_3
                             54 	.globl _P3_2
                             55 	.globl _P3_1
                             56 	.globl _P3_0
                             57 	.globl _P2_7
                             58 	.globl _P2_6
                             59 	.globl _P2_5
                             60 	.globl _P2_4
                             61 	.globl _P2_3
                             62 	.globl _P2_2
                             63 	.globl _P2_1
                             64 	.globl _P2_0
                             65 	.globl _P1_7
                             66 	.globl _P1_6
                             67 	.globl _P1_5
                             68 	.globl _P1_4
                             69 	.globl _P1_3
                             70 	.globl _P1_2
                             71 	.globl _P1_1
                             72 	.globl _P1_0
                             73 	.globl _P0_7
                             74 	.globl _P0_6
                             75 	.globl _P0_5
                             76 	.globl _P0_4
                             77 	.globl _P0_3
                             78 	.globl _P0_2
                             79 	.globl _P0_1
                             80 	.globl _P0_0
                             81 	.globl _PS
                             82 	.globl _PT1
                             83 	.globl _PX1
                             84 	.globl _PT0
                             85 	.globl _PX0
                             86 	.globl _EA
                             87 	.globl _ES
                             88 	.globl _ET1
                             89 	.globl _EX1
                             90 	.globl _ET0
                             91 	.globl _EX0
                             92 	.globl _BREG_F7
                             93 	.globl _BREG_F6
                             94 	.globl _BREG_F5
                             95 	.globl _BREG_F4
                             96 	.globl _BREG_F3
                             97 	.globl _BREG_F2
                             98 	.globl _BREG_F1
                             99 	.globl _BREG_F0
                            100 	.globl _P5_7
                            101 	.globl _P5_6
                            102 	.globl _P5_5
                            103 	.globl _P5_4
                            104 	.globl _P5_3
                            105 	.globl _P5_2
                            106 	.globl _P5_1
                            107 	.globl _P5_0
                            108 	.globl _P4_7
                            109 	.globl _P4_6
                            110 	.globl _P4_5
                            111 	.globl _P4_4
                            112 	.globl _P4_3
                            113 	.globl _P4_2
                            114 	.globl _P4_1
                            115 	.globl _P4_0
                            116 	.globl _PX0L
                            117 	.globl _PT0L
                            118 	.globl _PX1L
                            119 	.globl _PT1L
                            120 	.globl _PLS
                            121 	.globl _PT2L
                            122 	.globl _PPCL
                            123 	.globl _EC
                            124 	.globl _CCF0
                            125 	.globl _CCF1
                            126 	.globl _CCF2
                            127 	.globl _CCF3
                            128 	.globl _CCF4
                            129 	.globl _CR
                            130 	.globl _CF
                            131 	.globl _TF2
                            132 	.globl _EXF2
                            133 	.globl _RCLK
                            134 	.globl _TCLK
                            135 	.globl _EXEN2
                            136 	.globl _TR2
                            137 	.globl _C_T2
                            138 	.globl _CP_RL2
                            139 	.globl _T2CON_7
                            140 	.globl _T2CON_6
                            141 	.globl _T2CON_5
                            142 	.globl _T2CON_4
                            143 	.globl _T2CON_3
                            144 	.globl _T2CON_2
                            145 	.globl _T2CON_1
                            146 	.globl _T2CON_0
                            147 	.globl _PT2
                            148 	.globl _ET2
                            149 	.globl _TMOD
                            150 	.globl _TL1
                            151 	.globl _TL0
                            152 	.globl _TH1
                            153 	.globl _TH0
                            154 	.globl _TCON
                            155 	.globl _SP
                            156 	.globl _SCON
                            157 	.globl _SBUF0
                            158 	.globl _SBUF
                            159 	.globl _PSW
                            160 	.globl _PCON
                            161 	.globl _P3
                            162 	.globl _P2
                            163 	.globl _P1
                            164 	.globl _P0
                            165 	.globl _IP
                            166 	.globl _IE
                            167 	.globl _DP0L
                            168 	.globl _DPL
                            169 	.globl _DP0H
                            170 	.globl _DPH
                            171 	.globl _B
                            172 	.globl _ACC
                            173 	.globl _EECON
                            174 	.globl _KBF
                            175 	.globl _KBE
                            176 	.globl _KBLS
                            177 	.globl _BRL
                            178 	.globl _BDRCON
                            179 	.globl _T2MOD
                            180 	.globl _SPDAT
                            181 	.globl _SPSTA
                            182 	.globl _SPCON
                            183 	.globl _SADEN
                            184 	.globl _SADDR
                            185 	.globl _WDTPRG
                            186 	.globl _WDTRST
                            187 	.globl _P5
                            188 	.globl _P4
                            189 	.globl _IPH1
                            190 	.globl _IPL1
                            191 	.globl _IPH0
                            192 	.globl _IPL0
                            193 	.globl _IEN1
                            194 	.globl _IEN0
                            195 	.globl _CMOD
                            196 	.globl _CL
                            197 	.globl _CH
                            198 	.globl _CCON
                            199 	.globl _CCAPM4
                            200 	.globl _CCAPM3
                            201 	.globl _CCAPM2
                            202 	.globl _CCAPM1
                            203 	.globl _CCAPM0
                            204 	.globl _CCAP4L
                            205 	.globl _CCAP3L
                            206 	.globl _CCAP2L
                            207 	.globl _CCAP1L
                            208 	.globl _CCAP0L
                            209 	.globl _CCAP4H
                            210 	.globl _CCAP3H
                            211 	.globl _CCAP2H
                            212 	.globl _CCAP1H
                            213 	.globl _CCAP0H
                            214 	.globl _CKCKON1
                            215 	.globl _CKCKON0
                            216 	.globl _CKRL
                            217 	.globl _AUXR1
                            218 	.globl _AUXR
                            219 	.globl _TH2
                            220 	.globl _TL2
                            221 	.globl _RCAP2H
                            222 	.globl _RCAP2L
                            223 	.globl _T2CON
                            224 	.globl _displayCustomChar_PARM_2
                            225 	.globl _lcdcreatechar
                            226 	.globl _displayCustomChar
                            227 	.globl _CUcustomCharacter
                            228 	.globl _displayCustomCharMap
                            229 ;--------------------------------------------------------
                            230 ; special function registers
                            231 ;--------------------------------------------------------
                            232 	.area RSEG    (DATA)
                    00C8    233 _T2CON	=	0x00c8
                    00CA    234 _RCAP2L	=	0x00ca
                    00CB    235 _RCAP2H	=	0x00cb
                    00CC    236 _TL2	=	0x00cc
                    00CD    237 _TH2	=	0x00cd
                    008E    238 _AUXR	=	0x008e
                    00A2    239 _AUXR1	=	0x00a2
                    0097    240 _CKRL	=	0x0097
                    008F    241 _CKCKON0	=	0x008f
                    008F    242 _CKCKON1	=	0x008f
                    00FA    243 _CCAP0H	=	0x00fa
                    00FB    244 _CCAP1H	=	0x00fb
                    00FC    245 _CCAP2H	=	0x00fc
                    00FD    246 _CCAP3H	=	0x00fd
                    00FE    247 _CCAP4H	=	0x00fe
                    00EA    248 _CCAP0L	=	0x00ea
                    00EB    249 _CCAP1L	=	0x00eb
                    00EC    250 _CCAP2L	=	0x00ec
                    00ED    251 _CCAP3L	=	0x00ed
                    00EE    252 _CCAP4L	=	0x00ee
                    00DA    253 _CCAPM0	=	0x00da
                    00DB    254 _CCAPM1	=	0x00db
                    00DC    255 _CCAPM2	=	0x00dc
                    00DD    256 _CCAPM3	=	0x00dd
                    00DE    257 _CCAPM4	=	0x00de
                    00D8    258 _CCON	=	0x00d8
                    00F9    259 _CH	=	0x00f9
                    00E9    260 _CL	=	0x00e9
                    00D9    261 _CMOD	=	0x00d9
                    00A8    262 _IEN0	=	0x00a8
                    00B1    263 _IEN1	=	0x00b1
                    00B8    264 _IPL0	=	0x00b8
                    00B7    265 _IPH0	=	0x00b7
                    00B2    266 _IPL1	=	0x00b2
                    00B3    267 _IPH1	=	0x00b3
                    00C0    268 _P4	=	0x00c0
                    00D8    269 _P5	=	0x00d8
                    00A6    270 _WDTRST	=	0x00a6
                    00A7    271 _WDTPRG	=	0x00a7
                    00A9    272 _SADDR	=	0x00a9
                    00B9    273 _SADEN	=	0x00b9
                    00C3    274 _SPCON	=	0x00c3
                    00C4    275 _SPSTA	=	0x00c4
                    00C5    276 _SPDAT	=	0x00c5
                    00C9    277 _T2MOD	=	0x00c9
                    009B    278 _BDRCON	=	0x009b
                    009A    279 _BRL	=	0x009a
                    009C    280 _KBLS	=	0x009c
                    009D    281 _KBE	=	0x009d
                    009E    282 _KBF	=	0x009e
                    00D2    283 _EECON	=	0x00d2
                    00E0    284 _ACC	=	0x00e0
                    00F0    285 _B	=	0x00f0
                    0083    286 _DPH	=	0x0083
                    0083    287 _DP0H	=	0x0083
                    0082    288 _DPL	=	0x0082
                    0082    289 _DP0L	=	0x0082
                    00A8    290 _IE	=	0x00a8
                    00B8    291 _IP	=	0x00b8
                    0080    292 _P0	=	0x0080
                    0090    293 _P1	=	0x0090
                    00A0    294 _P2	=	0x00a0
                    00B0    295 _P3	=	0x00b0
                    0087    296 _PCON	=	0x0087
                    00D0    297 _PSW	=	0x00d0
                    0099    298 _SBUF	=	0x0099
                    0099    299 _SBUF0	=	0x0099
                    0098    300 _SCON	=	0x0098
                    0081    301 _SP	=	0x0081
                    0088    302 _TCON	=	0x0088
                    008C    303 _TH0	=	0x008c
                    008D    304 _TH1	=	0x008d
                    008A    305 _TL0	=	0x008a
                    008B    306 _TL1	=	0x008b
                    0089    307 _TMOD	=	0x0089
                            308 ;--------------------------------------------------------
                            309 ; special function bits
                            310 ;--------------------------------------------------------
                            311 	.area RSEG    (DATA)
                    00AD    312 _ET2	=	0x00ad
                    00BD    313 _PT2	=	0x00bd
                    00C8    314 _T2CON_0	=	0x00c8
                    00C9    315 _T2CON_1	=	0x00c9
                    00CA    316 _T2CON_2	=	0x00ca
                    00CB    317 _T2CON_3	=	0x00cb
                    00CC    318 _T2CON_4	=	0x00cc
                    00CD    319 _T2CON_5	=	0x00cd
                    00CE    320 _T2CON_6	=	0x00ce
                    00CF    321 _T2CON_7	=	0x00cf
                    00C8    322 _CP_RL2	=	0x00c8
                    00C9    323 _C_T2	=	0x00c9
                    00CA    324 _TR2	=	0x00ca
                    00CB    325 _EXEN2	=	0x00cb
                    00CC    326 _TCLK	=	0x00cc
                    00CD    327 _RCLK	=	0x00cd
                    00CE    328 _EXF2	=	0x00ce
                    00CF    329 _TF2	=	0x00cf
                    00DF    330 _CF	=	0x00df
                    00DE    331 _CR	=	0x00de
                    00DC    332 _CCF4	=	0x00dc
                    00DB    333 _CCF3	=	0x00db
                    00DA    334 _CCF2	=	0x00da
                    00D9    335 _CCF1	=	0x00d9
                    00D8    336 _CCF0	=	0x00d8
                    00AE    337 _EC	=	0x00ae
                    00BE    338 _PPCL	=	0x00be
                    00BD    339 _PT2L	=	0x00bd
                    00BC    340 _PLS	=	0x00bc
                    00BB    341 _PT1L	=	0x00bb
                    00BA    342 _PX1L	=	0x00ba
                    00B9    343 _PT0L	=	0x00b9
                    00B8    344 _PX0L	=	0x00b8
                    00C0    345 _P4_0	=	0x00c0
                    00C1    346 _P4_1	=	0x00c1
                    00C2    347 _P4_2	=	0x00c2
                    00C3    348 _P4_3	=	0x00c3
                    00C4    349 _P4_4	=	0x00c4
                    00C5    350 _P4_5	=	0x00c5
                    00C6    351 _P4_6	=	0x00c6
                    00C7    352 _P4_7	=	0x00c7
                    00D8    353 _P5_0	=	0x00d8
                    00D9    354 _P5_1	=	0x00d9
                    00DA    355 _P5_2	=	0x00da
                    00DB    356 _P5_3	=	0x00db
                    00DC    357 _P5_4	=	0x00dc
                    00DD    358 _P5_5	=	0x00dd
                    00DE    359 _P5_6	=	0x00de
                    00DF    360 _P5_7	=	0x00df
                    00F0    361 _BREG_F0	=	0x00f0
                    00F1    362 _BREG_F1	=	0x00f1
                    00F2    363 _BREG_F2	=	0x00f2
                    00F3    364 _BREG_F3	=	0x00f3
                    00F4    365 _BREG_F4	=	0x00f4
                    00F5    366 _BREG_F5	=	0x00f5
                    00F6    367 _BREG_F6	=	0x00f6
                    00F7    368 _BREG_F7	=	0x00f7
                    00A8    369 _EX0	=	0x00a8
                    00A9    370 _ET0	=	0x00a9
                    00AA    371 _EX1	=	0x00aa
                    00AB    372 _ET1	=	0x00ab
                    00AC    373 _ES	=	0x00ac
                    00AF    374 _EA	=	0x00af
                    00B8    375 _PX0	=	0x00b8
                    00B9    376 _PT0	=	0x00b9
                    00BA    377 _PX1	=	0x00ba
                    00BB    378 _PT1	=	0x00bb
                    00BC    379 _PS	=	0x00bc
                    0080    380 _P0_0	=	0x0080
                    0081    381 _P0_1	=	0x0081
                    0082    382 _P0_2	=	0x0082
                    0083    383 _P0_3	=	0x0083
                    0084    384 _P0_4	=	0x0084
                    0085    385 _P0_5	=	0x0085
                    0086    386 _P0_6	=	0x0086
                    0087    387 _P0_7	=	0x0087
                    0090    388 _P1_0	=	0x0090
                    0091    389 _P1_1	=	0x0091
                    0092    390 _P1_2	=	0x0092
                    0093    391 _P1_3	=	0x0093
                    0094    392 _P1_4	=	0x0094
                    0095    393 _P1_5	=	0x0095
                    0096    394 _P1_6	=	0x0096
                    0097    395 _P1_7	=	0x0097
                    00A0    396 _P2_0	=	0x00a0
                    00A1    397 _P2_1	=	0x00a1
                    00A2    398 _P2_2	=	0x00a2
                    00A3    399 _P2_3	=	0x00a3
                    00A4    400 _P2_4	=	0x00a4
                    00A5    401 _P2_5	=	0x00a5
                    00A6    402 _P2_6	=	0x00a6
                    00A7    403 _P2_7	=	0x00a7
                    00B0    404 _P3_0	=	0x00b0
                    00B1    405 _P3_1	=	0x00b1
                    00B2    406 _P3_2	=	0x00b2
                    00B3    407 _P3_3	=	0x00b3
                    00B4    408 _P3_4	=	0x00b4
                    00B5    409 _P3_5	=	0x00b5
                    00B6    410 _P3_6	=	0x00b6
                    00B7    411 _P3_7	=	0x00b7
                    00B0    412 _RXD	=	0x00b0
                    00B0    413 _RXD0	=	0x00b0
                    00B1    414 _TXD	=	0x00b1
                    00B1    415 _TXD0	=	0x00b1
                    00B2    416 _INT0	=	0x00b2
                    00B3    417 _INT1	=	0x00b3
                    00B4    418 _T0	=	0x00b4
                    00B5    419 _T1	=	0x00b5
                    00B6    420 _WR	=	0x00b6
                    00B7    421 _RD	=	0x00b7
                    00D0    422 _P	=	0x00d0
                    00D1    423 _F1	=	0x00d1
                    00D2    424 _OV	=	0x00d2
                    00D3    425 _RS0	=	0x00d3
                    00D4    426 _RS1	=	0x00d4
                    00D5    427 _F0	=	0x00d5
                    00D6    428 _AC	=	0x00d6
                    00D7    429 _CY	=	0x00d7
                    0098    430 _RI	=	0x0098
                    0099    431 _TI	=	0x0099
                    009A    432 _RB8	=	0x009a
                    009B    433 _TB8	=	0x009b
                    009C    434 _REN	=	0x009c
                    009D    435 _SM2	=	0x009d
                    009E    436 _SM1	=	0x009e
                    009F    437 _SM0	=	0x009f
                    0088    438 _IT0	=	0x0088
                    0089    439 _IE0	=	0x0089
                    008A    440 _IT1	=	0x008a
                    008B    441 _IE1	=	0x008b
                    008C    442 _TR0	=	0x008c
                    008D    443 _TF0	=	0x008d
                    008E    444 _TR1	=	0x008e
                    008F    445 _TF1	=	0x008f
                    0096    446 _RS	=	0x0096
                    0097    447 _RW	=	0x0097
                            448 ;--------------------------------------------------------
                            449 ; overlayable register banks
                            450 ;--------------------------------------------------------
                            451 	.area REG_BANK_0	(REL,OVR,DATA)
   0000                     452 	.ds 8
                            453 ;--------------------------------------------------------
                            454 ; internal ram data
                            455 ;--------------------------------------------------------
                            456 	.area DSEG    (DATA)
                            457 ;--------------------------------------------------------
                            458 ; overlayable items in internal ram 
                            459 ;--------------------------------------------------------
                            460 	.area OSEG    (OVR,DATA)
                            461 ;--------------------------------------------------------
                            462 ; indirectly addressable internal ram data
                            463 ;--------------------------------------------------------
                            464 	.area ISEG    (DATA)
                            465 ;--------------------------------------------------------
                            466 ; bit data
                            467 ;--------------------------------------------------------
                            468 	.area BSEG    (BIT)
                            469 ;--------------------------------------------------------
                            470 ; paged external ram data
                            471 ;--------------------------------------------------------
                            472 	.area PSEG    (PAG,XDATA)
                            473 ;--------------------------------------------------------
                            474 ; external ram data
                            475 ;--------------------------------------------------------
                            476 	.area XSEG    (XDATA)
   0000                     477 _DATA_write1_data_input_1_1:
   0000                     478 	.ds 1
   0001                     479 _lcdcreatechar_row_vals_1_1:
   0001                     480 	.ds 8
   0009                     481 _displayCustomChar_PARM_2:
   0009                     482 	.ds 1
   000A                     483 _displayCustomChar_addr_1_1:
   000A                     484 	.ds 1
   000B                     485 _CUcustomCharacter_i_1_1:
   000B                     486 	.ds 1
   000C                     487 _CUcustomCharacter_row_vals_1_1:
   000C                     488 	.ds 64
                            489 ;--------------------------------------------------------
                            490 ; external initialized ram data
                            491 ;--------------------------------------------------------
                            492 	.area XISEG   (XDATA)
                            493 	.area HOME    (CODE)
                            494 	.area GSINIT0 (CODE)
                            495 	.area GSINIT1 (CODE)
                            496 	.area GSINIT2 (CODE)
                            497 	.area GSINIT3 (CODE)
                            498 	.area GSINIT4 (CODE)
                            499 	.area GSINIT5 (CODE)
                            500 	.area GSINIT  (CODE)
                            501 	.area GSFINAL (CODE)
                            502 	.area CSEG    (CODE)
                            503 ;--------------------------------------------------------
                            504 ; global & static initialisations
                            505 ;--------------------------------------------------------
                            506 	.area HOME    (CODE)
                            507 	.area GSINIT  (CODE)
                            508 	.area GSFINAL (CODE)
                            509 	.area GSINIT  (CODE)
                            510 ;--------------------------------------------------------
                            511 ; Home
                            512 ;--------------------------------------------------------
                            513 	.area HOME    (CODE)
                            514 	.area CSEG    (CODE)
                            515 ;--------------------------------------------------------
                            516 ; code
                            517 ;--------------------------------------------------------
                            518 	.area CSEG    (CODE)
                            519 ;------------------------------------------------------------
                            520 ;Allocation info for local variables in function 'DATA_write1'
                            521 ;------------------------------------------------------------
                            522 ;data_input                Allocated with name '_DATA_write1_data_input_1_1'
                            523 ;------------------------------------------------------------
                            524 ;	LCD_Custom.c:20: void DATA_write1(unsigned char data_input)
                            525 ;	-----------------------------------------
                            526 ;	 function DATA_write1
                            527 ;	-----------------------------------------
   0000                     528 _DATA_write1:
                    0002    529 	ar2 = 0x02
                    0003    530 	ar3 = 0x03
                    0004    531 	ar4 = 0x04
                    0005    532 	ar5 = 0x05
                    0006    533 	ar6 = 0x06
                    0007    534 	ar7 = 0x07
                    0000    535 	ar0 = 0x00
                    0001    536 	ar1 = 0x01
                            537 ;	genReceive
   0000 E5 82               538 	mov	a,dpl
   0002 90s00r00            539 	mov	dptr,#_DATA_write1_data_input_1_1
   0005 F0                  540 	movx	@dptr,a
                            541 ;	LCD_Custom.c:23: RS = 1;        // 0 FOR INSTRUCTION
                            542 ;	genAssign
   0006 D2 96               543 	setb	_RS
                            544 ;	LCD_Custom.c:24: RW = 0;        // 0 FOR WRITE
                            545 ;	genAssign
   0008 C2 97               546 	clr	_RW
                            547 ;	LCD_Custom.c:25: dataout(0x8000, data_input);
                            548 ;	genAssign
   000A 90s00r00            549 	mov	dptr,#_DATA_write1_data_input_1_1
   000D E0                  550 	movx	a,@dptr
                            551 ;	genAssign
   000E FA                  552 	mov	r2,a
   000F 90s00r00            553 	mov	dptr,#_dataout_PARM_2
                            554 ;	Peephole 100	removed redundant mov
   0012 F0                  555 	movx	@dptr,a
                            556 ;	genCall
                            557 ;	Peephole 182.b	used 16 bit load of dptr
   0013 90 80 00            558 	mov	dptr,#0x8000
                            559 ;	Peephole 253.b	replaced lcall/ret with ljmp
   0016 02s00r00            560 	ljmp	_dataout
                            561 ;
                            562 ;------------------------------------------------------------
                            563 ;Allocation info for local variables in function 'lcdcreatechar'
                            564 ;------------------------------------------------------------
                            565 ;i                         Allocated with name '_lcdcreatechar_i_1_1'
                            566 ;str                       Allocated with name '_lcdcreatechar_str_1_1'
                            567 ;row_vals                  Allocated with name '_lcdcreatechar_row_vals_1_1'
                            568 ;addressToDisplay          Allocated with name '_lcdcreatechar_addressToDisplay_1_1'
                            569 ;addr1                     Allocated with name '_lcdcreatechar_addr1_1_1'
                            570 ;------------------------------------------------------------
                            571 ;	LCD_Custom.c:29: void  lcdcreatechar()
                            572 ;	-----------------------------------------
                            573 ;	 function lcdcreatechar
                            574 ;	-----------------------------------------
   0019                     575 _lcdcreatechar:
                            576 ;	LCD_Custom.c:36: putstr("\n\r\n\r");
                            577 ;	genCall
                            578 ;	Peephole 182.a	used 16 bit load of DPTR
   0019 90s00r00            579 	mov	dptr,#__str_0
   001C 75 F0 80            580 	mov	b,#0x80
   001F 12s00r00            581 	lcall	_putstr
                            582 ;	LCD_Custom.c:37: putstr("\t\t\t\t\t\t\tNow you are going to create a 5*8 custom character\n\r");
                            583 ;	genCall
                            584 ;	Peephole 182.a	used 16 bit load of DPTR
   0022 90s00r05            585 	mov	dptr,#__str_1
   0025 75 F0 80            586 	mov	b,#0x80
   0028 12s00r00            587 	lcall	_putstr
                            588 ;	LCD_Custom.c:38: for (i=0; i<8;i++)
                            589 ;	genAssign
   002B 7A 00               590 	mov	r2,#0x00
   002D                     591 00101$:
                            592 ;	genCmpLt
                            593 ;	genCmp
   002D BA 08 00            594 	cjne	r2,#0x08,00110$
   0030                     595 00110$:
                            596 ;	genIfxJump
   0030 40 03               597 	jc	00111$
   0032 02s00rC0            598 	ljmp	00104$
   0035                     599 00111$:
                            600 ;	LCD_Custom.c:40: printf_tiny("\t\t\t\t\t\t\tEnter the character code (ccode) of ROW '%d' in hex format\n\r", i);
                            601 ;	genCast
   0035 8A 03               602 	mov	ar3,r2
   0037 7C 00               603 	mov	r4,#0x00
                            604 ;	genIpush
   0039 C0 02               605 	push	ar2
   003B C0 03               606 	push	ar3
   003D C0 04               607 	push	ar4
                            608 ;	genIpush
   003F 74r41               609 	mov	a,#__str_2
   0041 C0 E0               610 	push	acc
   0043 74s00               611 	mov	a,#(__str_2 >> 8)
   0045 C0 E0               612 	push	acc
                            613 ;	genCall
   0047 12s00r00            614 	lcall	_printf_tiny
   004A E5 81               615 	mov	a,sp
   004C 24 FC               616 	add	a,#0xfc
   004E F5 81               617 	mov	sp,a
   0050 D0 02               618 	pop	ar2
                            619 ;	LCD_Custom.c:41: getstr(str);
                            620 ;	genCall
                            621 ;	Peephole 182.b	used 16 bit load of dptr
   0052 90 00 00            622 	mov	dptr,#0x0000
   0055 75 F0 00            623 	mov	b,#0x00
   0058 C0 02               624 	push	ar2
   005A 12s00r00            625 	lcall	_getstr
   005D D0 02               626 	pop	ar2
                            627 ;	LCD_Custom.c:42: row_vals[i] = atoiHex(str);
                            628 ;	genPlus
                            629 ;	Peephole 236.g	used r2 instead of ar2
   005F EA                  630 	mov	a,r2
   0060 24r01               631 	add	a,#_lcdcreatechar_row_vals_1_1
   0062 FB                  632 	mov	r3,a
                            633 ;	Peephole 181	changed mov to clr
   0063 E4                  634 	clr	a
   0064 34s00               635 	addc	a,#(_lcdcreatechar_row_vals_1_1 >> 8)
   0066 FC                  636 	mov	r4,a
                            637 ;	genCall
                            638 ;	Peephole 182.b	used 16 bit load of dptr
   0067 90 00 00            639 	mov	dptr,#0x0000
   006A 75 F0 00            640 	mov	b,#0x00
   006D C0 02               641 	push	ar2
   006F C0 03               642 	push	ar3
   0071 C0 04               643 	push	ar4
   0073 12s00r00            644 	lcall	_atoiHex
   0076 AD 82               645 	mov	r5,dpl
   0078 AE 83               646 	mov	r6,dph
   007A D0 04               647 	pop	ar4
   007C D0 03               648 	pop	ar3
   007E D0 02               649 	pop	ar2
                            650 ;	genCast
                            651 ;	genPointerSet
                            652 ;     genFarPointerSet
   0080 8B 82               653 	mov	dpl,r3
   0082 8C 83               654 	mov	dph,r4
   0084 ED                  655 	mov	a,r5
   0085 F0                  656 	movx	@dptr,a
                            657 ;	LCD_Custom.c:43: putstr("\n\r");
                            658 ;	genCall
                            659 ;	Peephole 182.a	used 16 bit load of DPTR
   0086 90s00r85            660 	mov	dptr,#__str_3
   0089 75 F0 80            661 	mov	b,#0x80
   008C C0 02               662 	push	ar2
   008E C0 03               663 	push	ar3
   0090 C0 04               664 	push	ar4
   0092 12s00r00            665 	lcall	_putstr
   0095 D0 04               666 	pop	ar4
   0097 D0 03               667 	pop	ar3
   0099 D0 02               668 	pop	ar2
                            669 ;	LCD_Custom.c:44: printf_tiny("The character you have entered is *%x* \n\r", *(row_vals +i));
                            670 ;	genPointerGet
                            671 ;	genFarPointerGet
   009B 8B 82               672 	mov	dpl,r3
   009D 8C 83               673 	mov	dph,r4
   009F E0                  674 	movx	a,@dptr
   00A0 FB                  675 	mov	r3,a
                            676 ;	genCast
   00A1 7C 00               677 	mov	r4,#0x00
                            678 ;	genIpush
   00A3 C0 02               679 	push	ar2
   00A5 C0 03               680 	push	ar3
   00A7 C0 04               681 	push	ar4
                            682 ;	genIpush
   00A9 74r88               683 	mov	a,#__str_4
   00AB C0 E0               684 	push	acc
   00AD 74s00               685 	mov	a,#(__str_4 >> 8)
   00AF C0 E0               686 	push	acc
                            687 ;	genCall
   00B1 12s00r00            688 	lcall	_printf_tiny
   00B4 E5 81               689 	mov	a,sp
   00B6 24 FC               690 	add	a,#0xfc
   00B8 F5 81               691 	mov	sp,a
   00BA D0 02               692 	pop	ar2
                            693 ;	LCD_Custom.c:38: for (i=0; i<8;i++)
                            694 ;	genPlus
                            695 ;     genPlusIncr
   00BC 0A                  696 	inc	r2
   00BD 02s00r2D            697 	ljmp	00101$
   00C0                     698 00104$:
                            699 ;	LCD_Custom.c:46: putstr("\t\t\t\t\t\t\tU have entered ccode sussessfully !!!\n\r");
                            700 ;	genCall
                            701 ;	Peephole 182.a	used 16 bit load of DPTR
   00C0 90s00rB2            702 	mov	dptr,#__str_5
   00C3 75 F0 80            703 	mov	b,#0x80
   00C6 12s00r00            704 	lcall	_putstr
                            705 ;	LCD_Custom.c:48: putstr("\t\t\t\t\t\t\tCreating Custom character...\n\r");
                            706 ;	genCall
                            707 ;	Peephole 182.a	used 16 bit load of DPTR
   00C9 90s00rE1            708 	mov	dptr,#__str_6
   00CC 75 F0 80            709 	mov	b,#0x80
   00CF 12s00r00            710 	lcall	_putstr
                            711 ;	LCD_Custom.c:49: addr1 = Datain(0x8000);
                            712 ;	genCall
                            713 ;	Peephole 182.b	used 16 bit load of dptr
   00D2 90 80 00            714 	mov	dptr,#0x8000
   00D5 12s00r00            715 	lcall	_Datain
   00D8 AA 82               716 	mov	r2,dpl
                            717 ;	LCD_Custom.c:50: CMD_write(0x40);
                            718 ;	genCall
   00DA 75 82 40            719 	mov	dpl,#0x40
   00DD C0 02               720 	push	ar2
   00DF 12s00r00            721 	lcall	_CMD_write
   00E2 D0 02               722 	pop	ar2
                            723 ;	LCD_Custom.c:52: DATA_write1(row_vals[0]);      //Load row 1 data
                            724 ;	genPointerGet
                            725 ;	genFarPointerGet
   00E4 90s00r01            726 	mov	dptr,#_lcdcreatechar_row_vals_1_1
   00E7 E0                  727 	movx	a,@dptr
                            728 ;	genCall
   00E8 FB                  729 	mov	r3,a
                            730 ;	Peephole 244.c	loading dpl from a instead of r3
   00E9 F5 82               731 	mov	dpl,a
   00EB C0 02               732 	push	ar2
   00ED 12s00r00            733 	lcall	_DATA_write1
   00F0 D0 02               734 	pop	ar2
                            735 ;	LCD_Custom.c:53: DATA_write1(row_vals[1]);      //Load row 2 data
                            736 ;	genPointerGet
                            737 ;	genFarPointerGet
   00F2 90s00r02            738 	mov	dptr,#(_lcdcreatechar_row_vals_1_1 + 0x0001)
   00F5 E0                  739 	movx	a,@dptr
                            740 ;	genCall
   00F6 FB                  741 	mov	r3,a
                            742 ;	Peephole 244.c	loading dpl from a instead of r3
   00F7 F5 82               743 	mov	dpl,a
   00F9 C0 02               744 	push	ar2
   00FB 12s00r00            745 	lcall	_DATA_write1
   00FE D0 02               746 	pop	ar2
                            747 ;	LCD_Custom.c:54: DATA_write1(row_vals[2]);      //Load row 3 data
                            748 ;	genPointerGet
                            749 ;	genFarPointerGet
   0100 90s00r03            750 	mov	dptr,#(_lcdcreatechar_row_vals_1_1 + 0x0002)
   0103 E0                  751 	movx	a,@dptr
                            752 ;	genCall
   0104 FB                  753 	mov	r3,a
                            754 ;	Peephole 244.c	loading dpl from a instead of r3
   0105 F5 82               755 	mov	dpl,a
   0107 C0 02               756 	push	ar2
   0109 12s00r00            757 	lcall	_DATA_write1
   010C D0 02               758 	pop	ar2
                            759 ;	LCD_Custom.c:55: DATA_write1(row_vals[3]);      //Load row 4 data
                            760 ;	genPointerGet
                            761 ;	genFarPointerGet
   010E 90s00r04            762 	mov	dptr,#(_lcdcreatechar_row_vals_1_1 + 0x0003)
   0111 E0                  763 	movx	a,@dptr
                            764 ;	genCall
   0112 FB                  765 	mov	r3,a
                            766 ;	Peephole 244.c	loading dpl from a instead of r3
   0113 F5 82               767 	mov	dpl,a
   0115 C0 02               768 	push	ar2
   0117 12s00r00            769 	lcall	_DATA_write1
   011A D0 02               770 	pop	ar2
                            771 ;	LCD_Custom.c:56: DATA_write1(row_vals[4]);      //Load row 5 data
                            772 ;	genPointerGet
                            773 ;	genFarPointerGet
   011C 90s00r05            774 	mov	dptr,#(_lcdcreatechar_row_vals_1_1 + 0x0004)
   011F E0                  775 	movx	a,@dptr
                            776 ;	genCall
   0120 FB                  777 	mov	r3,a
                            778 ;	Peephole 244.c	loading dpl from a instead of r3
   0121 F5 82               779 	mov	dpl,a
   0123 C0 02               780 	push	ar2
   0125 12s00r00            781 	lcall	_DATA_write1
   0128 D0 02               782 	pop	ar2
                            783 ;	LCD_Custom.c:57: DATA_write1(row_vals[5]);      //Load row 6 data
                            784 ;	genPointerGet
                            785 ;	genFarPointerGet
   012A 90s00r06            786 	mov	dptr,#(_lcdcreatechar_row_vals_1_1 + 0x0005)
   012D E0                  787 	movx	a,@dptr
                            788 ;	genCall
   012E FB                  789 	mov	r3,a
                            790 ;	Peephole 244.c	loading dpl from a instead of r3
   012F F5 82               791 	mov	dpl,a
   0131 C0 02               792 	push	ar2
   0133 12s00r00            793 	lcall	_DATA_write1
   0136 D0 02               794 	pop	ar2
                            795 ;	LCD_Custom.c:58: DATA_write1(row_vals[6]);      //Load row 7 data
                            796 ;	genPointerGet
                            797 ;	genFarPointerGet
   0138 90s00r07            798 	mov	dptr,#(_lcdcreatechar_row_vals_1_1 + 0x0006)
   013B E0                  799 	movx	a,@dptr
                            800 ;	genCall
   013C FB                  801 	mov	r3,a
                            802 ;	Peephole 244.c	loading dpl from a instead of r3
   013D F5 82               803 	mov	dpl,a
   013F C0 02               804 	push	ar2
   0141 12s00r00            805 	lcall	_DATA_write1
   0144 D0 02               806 	pop	ar2
                            807 ;	LCD_Custom.c:59: DATA_write1(row_vals[7]);      //Load row 8 data
                            808 ;	genPointerGet
                            809 ;	genFarPointerGet
   0146 90s00r08            810 	mov	dptr,#(_lcdcreatechar_row_vals_1_1 + 0x0007)
   0149 E0                  811 	movx	a,@dptr
                            812 ;	genCall
   014A FB                  813 	mov	r3,a
                            814 ;	Peephole 244.c	loading dpl from a instead of r3
   014B F5 82               815 	mov	dpl,a
   014D C0 02               816 	push	ar2
   014F 12s00r00            817 	lcall	_DATA_write1
   0152 D0 02               818 	pop	ar2
                            819 ;	LCD_Custom.c:61: lcdgotoaddr(addr1);
                            820 ;	genCast
   0154 7B 00               821 	mov	r3,#0x00
                            822 ;	genCall
   0156 8A 82               823 	mov	dpl,r2
   0158 8B 83               824 	mov	dph,r3
   015A 12s00r00            825 	lcall	_lcdgotoaddr
                            826 ;	LCD_Custom.c:63: putstr("\t\t\t\t\t\t\tEnter the address on LCD to display your created custom character\n\r");
                            827 ;	genCall
                            828 ;	Peephole 182.a	used 16 bit load of DPTR
   015D 90s01r07            829 	mov	dptr,#__str_7
   0160 75 F0 80            830 	mov	b,#0x80
   0163 12s00r00            831 	lcall	_putstr
                            832 ;	LCD_Custom.c:64: getstr(str);
                            833 ;	genCall
                            834 ;	Peephole 182.b	used 16 bit load of dptr
   0166 90 00 00            835 	mov	dptr,#0x0000
   0169 75 F0 00            836 	mov	b,#0x00
   016C 12s00r00            837 	lcall	_getstr
                            838 ;	LCD_Custom.c:65: addressToDisplay = atoiHex(str) + 0x80;
                            839 ;	genCall
                            840 ;	Peephole 182.b	used 16 bit load of dptr
   016F 90 00 00            841 	mov	dptr,#0x0000
   0172 75 F0 00            842 	mov	b,#0x00
   0175 12s00r00            843 	lcall	_atoiHex
   0178 AA 82               844 	mov	r2,dpl
   017A AB 83               845 	mov	r3,dph
                            846 ;	genCast
                            847 ;	genPlus
                            848 ;     genPlusIncr
   017C 74 80               849 	mov	a,#0x80
                            850 ;	Peephole 236.a	used r2 instead of ar2
   017E 2A                  851 	add	a,r2
   017F FA                  852 	mov	r2,a
                            853 ;	LCD_Custom.c:66: displayCustomChar(addressToDisplay, 0x00);
                            854 ;	genAssign
   0180 90s00r09            855 	mov	dptr,#_displayCustomChar_PARM_2
                            856 ;	Peephole 181	changed mov to clr
   0183 E4                  857 	clr	a
   0184 F0                  858 	movx	@dptr,a
                            859 ;	genCall
   0185 8A 82               860 	mov	dpl,r2
   0187 12s01r93            861 	lcall	_displayCustomChar
                            862 ;	LCD_Custom.c:67: putstr("\t\t\t\t\t\t\tDisplaying the created custom character on LCD...\n\r");
                            863 ;	genCall
                            864 ;	Peephole 182.a	used 16 bit load of DPTR
   018A 90s01r52            865 	mov	dptr,#__str_8
   018D 75 F0 80            866 	mov	b,#0x80
                            867 ;	Peephole 253.b	replaced lcall/ret with ljmp
   0190 02s00r00            868 	ljmp	_putstr
                            869 ;
                            870 ;------------------------------------------------------------
                            871 ;Allocation info for local variables in function 'displayCustomChar'
                            872 ;------------------------------------------------------------
                            873 ;customCharNum             Allocated with name '_displayCustomChar_PARM_2'
                            874 ;addr                      Allocated with name '_displayCustomChar_addr_1_1'
                            875 ;------------------------------------------------------------
                            876 ;	LCD_Custom.c:71: void displayCustomChar(unsigned char addr, unsigned char customCharNum)
                            877 ;	-----------------------------------------
                            878 ;	 function displayCustomChar
                            879 ;	-----------------------------------------
   0193                     880 _displayCustomChar:
                            881 ;	genReceive
   0193 E5 82               882 	mov	a,dpl
   0195 90s00r0A            883 	mov	dptr,#_displayCustomChar_addr_1_1
   0198 F0                  884 	movx	@dptr,a
                            885 ;	LCD_Custom.c:74: CMD_write(addr);
                            886 ;	genAssign
   0199 90s00r0A            887 	mov	dptr,#_displayCustomChar_addr_1_1
   019C E0                  888 	movx	a,@dptr
                            889 ;	genCall
   019D FA                  890 	mov	r2,a
                            891 ;	Peephole 244.c	loading dpl from a instead of r2
   019E F5 82               892 	mov	dpl,a
   01A0 12s00r00            893 	lcall	_CMD_write
                            894 ;	LCD_Custom.c:75: lcdbusywait();
                            895 ;	genCall
   01A3 12s00r00            896 	lcall	_lcdbusywait
                            897 ;	LCD_Custom.c:76: DATA_write(customCharNum);
                            898 ;	genAssign
   01A6 90s00r09            899 	mov	dptr,#_displayCustomChar_PARM_2
   01A9 E0                  900 	movx	a,@dptr
                            901 ;	genCall
   01AA FA                  902 	mov	r2,a
                            903 ;	Peephole 244.c	loading dpl from a instead of r2
   01AB F5 82               904 	mov	dpl,a
   01AD 12s00r00            905 	lcall	_DATA_write
                            906 ;	LCD_Custom.c:77: lcdbusywait();
                            907 ;	genCall
                            908 ;	Peephole 253.b	replaced lcall/ret with ljmp
   01B0 02s00r00            909 	ljmp	_lcdbusywait
                            910 ;
                            911 ;------------------------------------------------------------
                            912 ;Allocation info for local variables in function 'CUcustomCharacter'
                            913 ;------------------------------------------------------------
                            914 ;i                         Allocated with name '_CUcustomCharacter_i_1_1'
                            915 ;addr1                     Allocated with name '_CUcustomCharacter_addr1_1_1'
                            916 ;location                  Allocated with name '_CUcustomCharacter_location_1_1'
                            917 ;row_vals                  Allocated with name '_CUcustomCharacter_row_vals_1_1'
                            918 ;------------------------------------------------------------
                            919 ;	LCD_Custom.c:81: void CUcustomCharacter() __critical
                            920 ;	-----------------------------------------
                            921 ;	 function CUcustomCharacter
                            922 ;	-----------------------------------------
   01B3                     923 _CUcustomCharacter:
   01B3 D3                  924 	setb	c
   01B4 10 AF 01            925 	jbc	ea,00115$
   01B7 C3                  926 	clr	c
   01B8                     927 00115$:
   01B8 C0 D0               928 	push	psw
                            929 ;	LCD_Custom.c:83: unsigned char i=0, addr1;
                            930 ;	genAssign
   01BA 90s00r0B            931 	mov	dptr,#_CUcustomCharacter_i_1_1
                            932 ;	Peephole 181	changed mov to clr
                            933 ;	LCD_Custom.c:85: unsigned char row_vals[]=
                            934 ;	genPointerSet
                            935 ;     genFarPointerSet
                            936 ;	Peephole 181	changed mov to clr
                            937 ;	Peephole 219.a	removed redundant clear
   01BD E4                  938 	clr	a
   01BE F0                  939 	movx	@dptr,a
   01BF 90s00r0C            940 	mov	dptr,#_CUcustomCharacter_row_vals_1_1
   01C2 F0                  941 	movx	@dptr,a
                            942 ;	genPointerSet
                            943 ;     genFarPointerSet
   01C3 90s00r0D            944 	mov	dptr,#(_CUcustomCharacter_row_vals_1_1 + 0x0001)
   01C6 74 0A               945 	mov	a,#0x0A
   01C8 F0                  946 	movx	@dptr,a
                            947 ;	genPointerSet
                            948 ;     genFarPointerSet
   01C9 90s00r0E            949 	mov	dptr,#(_CUcustomCharacter_row_vals_1_1 + 0x0002)
   01CC 74 1F               950 	mov	a,#0x1F
   01CE F0                  951 	movx	@dptr,a
                            952 ;	genPointerSet
                            953 ;     genFarPointerSet
   01CF 90s00r0F            954 	mov	dptr,#(_CUcustomCharacter_row_vals_1_1 + 0x0003)
   01D2 74 1F               955 	mov	a,#0x1F
   01D4 F0                  956 	movx	@dptr,a
                            957 ;	genPointerSet
                            958 ;     genFarPointerSet
   01D5 90s00r10            959 	mov	dptr,#(_CUcustomCharacter_row_vals_1_1 + 0x0004)
   01D8 74 1F               960 	mov	a,#0x1F
   01DA F0                  961 	movx	@dptr,a
                            962 ;	genPointerSet
                            963 ;     genFarPointerSet
   01DB 90s00r11            964 	mov	dptr,#(_CUcustomCharacter_row_vals_1_1 + 0x0005)
   01DE 74 0E               965 	mov	a,#0x0E
   01E0 F0                  966 	movx	@dptr,a
                            967 ;	genPointerSet
                            968 ;     genFarPointerSet
   01E1 90s00r12            969 	mov	dptr,#(_CUcustomCharacter_row_vals_1_1 + 0x0006)
   01E4 74 04               970 	mov	a,#0x04
   01E6 F0                  971 	movx	@dptr,a
                            972 ;	genPointerSet
                            973 ;     genFarPointerSet
   01E7 90s00r13            974 	mov	dptr,#(_CUcustomCharacter_row_vals_1_1 + 0x0007)
                            975 ;	Peephole 181	changed mov to clr
   01EA E4                  976 	clr	a
   01EB F0                  977 	movx	@dptr,a
                            978 ;	genPointerSet
                            979 ;     genFarPointerSet
   01EC 90s00r14            980 	mov	dptr,#(_CUcustomCharacter_row_vals_1_1 + 0x0008)
   01EF 74 01               981 	mov	a,#0x01
   01F1 F0                  982 	movx	@dptr,a
                            983 ;	genPointerSet
                            984 ;     genFarPointerSet
   01F2 90s00r15            985 	mov	dptr,#(_CUcustomCharacter_row_vals_1_1 + 0x0009)
   01F5 74 03               986 	mov	a,#0x03
   01F7 F0                  987 	movx	@dptr,a
                            988 ;	genPointerSet
                            989 ;     genFarPointerSet
   01F8 90s00r16            990 	mov	dptr,#(_CUcustomCharacter_row_vals_1_1 + 0x000a)
   01FB 74 07               991 	mov	a,#0x07
   01FD F0                  992 	movx	@dptr,a
                            993 ;	genPointerSet
                            994 ;     genFarPointerSet
   01FE 90s00r17            995 	mov	dptr,#(_CUcustomCharacter_row_vals_1_1 + 0x000b)
   0201 74 0F               996 	mov	a,#0x0F
   0203 F0                  997 	movx	@dptr,a
                            998 ;	genPointerSet
                            999 ;     genFarPointerSet
   0204 90s00r18           1000 	mov	dptr,#(_CUcustomCharacter_row_vals_1_1 + 0x000c)
   0207 74 1F              1001 	mov	a,#0x1F
   0209 F0                 1002 	movx	@dptr,a
                           1003 ;	genPointerSet
                           1004 ;     genFarPointerSet
   020A 90s00r19           1005 	mov	dptr,#(_CUcustomCharacter_row_vals_1_1 + 0x000d)
   020D 74 1F              1006 	mov	a,#0x1F
   020F F0                 1007 	movx	@dptr,a
                           1008 ;	genPointerSet
                           1009 ;     genFarPointerSet
   0210 90s00r1A           1010 	mov	dptr,#(_CUcustomCharacter_row_vals_1_1 + 0x000e)
   0213 74 1F              1011 	mov	a,#0x1F
   0215 F0                 1012 	movx	@dptr,a
                           1013 ;	genPointerSet
                           1014 ;     genFarPointerSet
   0216 90s00r1B           1015 	mov	dptr,#(_CUcustomCharacter_row_vals_1_1 + 0x000f)
   0219 74 1F              1016 	mov	a,#0x1F
   021B F0                 1017 	movx	@dptr,a
                           1018 ;	genPointerSet
                           1019 ;     genFarPointerSet
   021C 90s00r1C           1020 	mov	dptr,#(_CUcustomCharacter_row_vals_1_1 + 0x0010)
   021F 74 1F              1021 	mov	a,#0x1F
   0221 F0                 1022 	movx	@dptr,a
                           1023 ;	genPointerSet
                           1024 ;     genFarPointerSet
   0222 90s00r1D           1025 	mov	dptr,#(_CUcustomCharacter_row_vals_1_1 + 0x0011)
   0225 74 1F              1026 	mov	a,#0x1F
   0227 F0                 1027 	movx	@dptr,a
                           1028 ;	genPointerSet
                           1029 ;     genFarPointerSet
   0228 90s00r1E           1030 	mov	dptr,#(_CUcustomCharacter_row_vals_1_1 + 0x0012)
   022B 74 1F              1031 	mov	a,#0x1F
   022D F0                 1032 	movx	@dptr,a
                           1033 ;	genPointerSet
                           1034 ;     genFarPointerSet
   022E 90s00r1F           1035 	mov	dptr,#(_CUcustomCharacter_row_vals_1_1 + 0x0013)
   0231 74 1F              1036 	mov	a,#0x1F
   0233 F0                 1037 	movx	@dptr,a
                           1038 ;	genPointerSet
                           1039 ;     genFarPointerSet
   0234 90s00r20           1040 	mov	dptr,#(_CUcustomCharacter_row_vals_1_1 + 0x0014)
   0237 74 0F              1041 	mov	a,#0x0F
   0239 F0                 1042 	movx	@dptr,a
                           1043 ;	genPointerSet
                           1044 ;     genFarPointerSet
   023A 90s00r21           1045 	mov	dptr,#(_CUcustomCharacter_row_vals_1_1 + 0x0015)
   023D 74 07              1046 	mov	a,#0x07
   023F F0                 1047 	movx	@dptr,a
                           1048 ;	genPointerSet
                           1049 ;     genFarPointerSet
   0240 90s00r22           1050 	mov	dptr,#(_CUcustomCharacter_row_vals_1_1 + 0x0016)
   0243 74 03              1051 	mov	a,#0x03
   0245 F0                 1052 	movx	@dptr,a
                           1053 ;	genPointerSet
                           1054 ;     genFarPointerSet
   0246 90s00r23           1055 	mov	dptr,#(_CUcustomCharacter_row_vals_1_1 + 0x0017)
   0249 74 01              1056 	mov	a,#0x01
   024B F0                 1057 	movx	@dptr,a
                           1058 ;	genPointerSet
                           1059 ;     genFarPointerSet
   024C 90s00r24           1060 	mov	dptr,#(_CUcustomCharacter_row_vals_1_1 + 0x0018)
   024F 74 10              1061 	mov	a,#0x10
   0251 F0                 1062 	movx	@dptr,a
                           1063 ;	genPointerSet
                           1064 ;     genFarPointerSet
   0252 90s00r25           1065 	mov	dptr,#(_CUcustomCharacter_row_vals_1_1 + 0x0019)
   0255 74 18              1066 	mov	a,#0x18
   0257 F0                 1067 	movx	@dptr,a
                           1068 ;	genPointerSet
                           1069 ;     genFarPointerSet
   0258 90s00r26           1070 	mov	dptr,#(_CUcustomCharacter_row_vals_1_1 + 0x001a)
   025B 74 1C              1071 	mov	a,#0x1C
   025D F0                 1072 	movx	@dptr,a
                           1073 ;	genPointerSet
                           1074 ;     genFarPointerSet
   025E 90s00r27           1075 	mov	dptr,#(_CUcustomCharacter_row_vals_1_1 + 0x001b)
   0261 74 1E              1076 	mov	a,#0x1E
   0263 F0                 1077 	movx	@dptr,a
                           1078 ;	genPointerSet
                           1079 ;     genFarPointerSet
   0264 90s00r28           1080 	mov	dptr,#(_CUcustomCharacter_row_vals_1_1 + 0x001c)
   0267 74 1F              1081 	mov	a,#0x1F
   0269 F0                 1082 	movx	@dptr,a
                           1083 ;	genPointerSet
                           1084 ;     genFarPointerSet
   026A 90s00r29           1085 	mov	dptr,#(_CUcustomCharacter_row_vals_1_1 + 0x001d)
   026D 74 1F              1086 	mov	a,#0x1F
   026F F0                 1087 	movx	@dptr,a
                           1088 ;	genPointerSet
                           1089 ;     genFarPointerSet
   0270 90s00r2A           1090 	mov	dptr,#(_CUcustomCharacter_row_vals_1_1 + 0x001e)
   0273 74 1F              1091 	mov	a,#0x1F
   0275 F0                 1092 	movx	@dptr,a
                           1093 ;	genPointerSet
                           1094 ;     genFarPointerSet
   0276 90s00r2B           1095 	mov	dptr,#(_CUcustomCharacter_row_vals_1_1 + 0x001f)
   0279 74 1F              1096 	mov	a,#0x1F
   027B F0                 1097 	movx	@dptr,a
                           1098 ;	genPointerSet
                           1099 ;     genFarPointerSet
   027C 90s00r2C           1100 	mov	dptr,#(_CUcustomCharacter_row_vals_1_1 + 0x0020)
                           1101 ;	Peephole 181	changed mov to clr
                           1102 ;	genPointerSet
                           1103 ;     genFarPointerSet
                           1104 ;	Peephole 181	changed mov to clr
                           1105 ;	Peephole 219.a	removed redundant clear
                           1106 ;	genPointerSet
                           1107 ;     genFarPointerSet
                           1108 ;	Peephole 181	changed mov to clr
                           1109 ;	genPointerSet
                           1110 ;     genFarPointerSet
                           1111 ;	Peephole 181	changed mov to clr
                           1112 ;	Peephole 219.a	removed redundant clear
   027F E4                 1113 	clr	a
   0280 F0                 1114 	movx	@dptr,a
   0281 90s00r2D           1115 	mov	dptr,#(_CUcustomCharacter_row_vals_1_1 + 0x0021)
   0284 F0                 1116 	movx	@dptr,a
   0285 90s00r2E           1117 	mov	dptr,#(_CUcustomCharacter_row_vals_1_1 + 0x0022)
                           1118 ;	Peephole 219.b	removed redundant clear
   0288 F0                 1119 	movx	@dptr,a
   0289 90s00r2F           1120 	mov	dptr,#(_CUcustomCharacter_row_vals_1_1 + 0x0023)
   028C F0                 1121 	movx	@dptr,a
                           1122 ;	genPointerSet
                           1123 ;     genFarPointerSet
   028D 90s00r30           1124 	mov	dptr,#(_CUcustomCharacter_row_vals_1_1 + 0x0024)
   0290 74 1F              1125 	mov	a,#0x1F
   0292 F0                 1126 	movx	@dptr,a
                           1127 ;	genPointerSet
                           1128 ;     genFarPointerSet
   0293 90s00r31           1129 	mov	dptr,#(_CUcustomCharacter_row_vals_1_1 + 0x0025)
   0296 74 1F              1130 	mov	a,#0x1F
   0298 F0                 1131 	movx	@dptr,a
                           1132 ;	genPointerSet
                           1133 ;     genFarPointerSet
   0299 90s00r32           1134 	mov	dptr,#(_CUcustomCharacter_row_vals_1_1 + 0x0026)
   029C 74 1F              1135 	mov	a,#0x1F
   029E F0                 1136 	movx	@dptr,a
                           1137 ;	genPointerSet
                           1138 ;     genFarPointerSet
   029F 90s00r33           1139 	mov	dptr,#(_CUcustomCharacter_row_vals_1_1 + 0x0027)
   02A2 74 1F              1140 	mov	a,#0x1F
   02A4 F0                 1141 	movx	@dptr,a
                           1142 ;	genPointerSet
                           1143 ;     genFarPointerSet
   02A5 90s00r34           1144 	mov	dptr,#(_CUcustomCharacter_row_vals_1_1 + 0x0028)
                           1145 ;	Peephole 181	changed mov to clr
                           1146 ;	genPointerSet
                           1147 ;     genFarPointerSet
                           1148 ;	Peephole 181	changed mov to clr
                           1149 ;	Peephole 219.a	removed redundant clear
                           1150 ;	genPointerSet
                           1151 ;     genFarPointerSet
                           1152 ;	Peephole 181	changed mov to clr
                           1153 ;	genPointerSet
                           1154 ;     genFarPointerSet
                           1155 ;	Peephole 181	changed mov to clr
                           1156 ;	Peephole 219.a	removed redundant clear
   02A8 E4                 1157 	clr	a
   02A9 F0                 1158 	movx	@dptr,a
   02AA 90s00r35           1159 	mov	dptr,#(_CUcustomCharacter_row_vals_1_1 + 0x0029)
   02AD F0                 1160 	movx	@dptr,a
   02AE 90s00r36           1161 	mov	dptr,#(_CUcustomCharacter_row_vals_1_1 + 0x002a)
                           1162 ;	Peephole 219.b	removed redundant clear
   02B1 F0                 1163 	movx	@dptr,a
   02B2 90s00r37           1164 	mov	dptr,#(_CUcustomCharacter_row_vals_1_1 + 0x002b)
   02B5 F0                 1165 	movx	@dptr,a
                           1166 ;	genPointerSet
                           1167 ;     genFarPointerSet
   02B6 90s00r38           1168 	mov	dptr,#(_CUcustomCharacter_row_vals_1_1 + 0x002c)
   02B9 74 03              1169 	mov	a,#0x03
   02BB F0                 1170 	movx	@dptr,a
                           1171 ;	genPointerSet
                           1172 ;     genFarPointerSet
   02BC 90s00r39           1173 	mov	dptr,#(_CUcustomCharacter_row_vals_1_1 + 0x002d)
   02BF 74 03              1174 	mov	a,#0x03
   02C1 F0                 1175 	movx	@dptr,a
                           1176 ;	genPointerSet
                           1177 ;     genFarPointerSet
   02C2 90s00r3A           1178 	mov	dptr,#(_CUcustomCharacter_row_vals_1_1 + 0x002e)
                           1179 ;	Peephole 181	changed mov to clr
                           1180 ;	genPointerSet
                           1181 ;     genFarPointerSet
                           1182 ;	Peephole 181	changed mov to clr
                           1183 ;	Peephole 219.a	removed redundant clear
                           1184 ;	genPointerSet
                           1185 ;     genFarPointerSet
                           1186 ;	Peephole 181	changed mov to clr
                           1187 ;	genPointerSet
                           1188 ;     genFarPointerSet
                           1189 ;	Peephole 181	changed mov to clr
                           1190 ;	Peephole 219.a	removed redundant clear
   02C5 E4                 1191 	clr	a
   02C6 F0                 1192 	movx	@dptr,a
   02C7 90s00r3B           1193 	mov	dptr,#(_CUcustomCharacter_row_vals_1_1 + 0x002f)
   02CA F0                 1194 	movx	@dptr,a
   02CB 90s00r3C           1195 	mov	dptr,#(_CUcustomCharacter_row_vals_1_1 + 0x0030)
                           1196 ;	Peephole 219.b	removed redundant clear
   02CE F0                 1197 	movx	@dptr,a
   02CF 90s00r3D           1198 	mov	dptr,#(_CUcustomCharacter_row_vals_1_1 + 0x0031)
   02D2 F0                 1199 	movx	@dptr,a
                           1200 ;	genPointerSet
                           1201 ;     genFarPointerSet
   02D3 90s00r3E           1202 	mov	dptr,#(_CUcustomCharacter_row_vals_1_1 + 0x0032)
                           1203 ;	Peephole 181	changed mov to clr
                           1204 ;	genPointerSet
                           1205 ;     genFarPointerSet
                           1206 ;	Peephole 181	changed mov to clr
                           1207 ;	Peephole 219.a	removed redundant clear
   02D6 E4                 1208 	clr	a
   02D7 F0                 1209 	movx	@dptr,a
   02D8 90s00r3F           1210 	mov	dptr,#(_CUcustomCharacter_row_vals_1_1 + 0x0033)
   02DB F0                 1211 	movx	@dptr,a
                           1212 ;	genPointerSet
                           1213 ;     genFarPointerSet
   02DC 90s00r40           1214 	mov	dptr,#(_CUcustomCharacter_row_vals_1_1 + 0x0034)
   02DF 74 18              1215 	mov	a,#0x18
   02E1 F0                 1216 	movx	@dptr,a
                           1217 ;	genPointerSet
                           1218 ;     genFarPointerSet
   02E2 90s00r41           1219 	mov	dptr,#(_CUcustomCharacter_row_vals_1_1 + 0x0035)
   02E5 74 18              1220 	mov	a,#0x18
   02E7 F0                 1221 	movx	@dptr,a
                           1222 ;	genPointerSet
                           1223 ;     genFarPointerSet
   02E8 90s00r42           1224 	mov	dptr,#(_CUcustomCharacter_row_vals_1_1 + 0x0036)
                           1225 ;	Peephole 181	changed mov to clr
                           1226 ;	genPointerSet
                           1227 ;     genFarPointerSet
                           1228 ;	Peephole 181	changed mov to clr
                           1229 ;	Peephole 219.a	removed redundant clear
   02EB E4                 1230 	clr	a
   02EC F0                 1231 	movx	@dptr,a
   02ED 90s00r43           1232 	mov	dptr,#(_CUcustomCharacter_row_vals_1_1 + 0x0037)
   02F0 F0                 1233 	movx	@dptr,a
                           1234 ;	genPointerSet
                           1235 ;     genFarPointerSet
   02F1 90s00r44           1236 	mov	dptr,#(_CUcustomCharacter_row_vals_1_1 + 0x0038)
   02F4 74 1F              1237 	mov	a,#0x1F
   02F6 F0                 1238 	movx	@dptr,a
                           1239 ;	genPointerSet
                           1240 ;     genFarPointerSet
   02F7 90s00r45           1241 	mov	dptr,#(_CUcustomCharacter_row_vals_1_1 + 0x0039)
   02FA 74 1F              1242 	mov	a,#0x1F
   02FC F0                 1243 	movx	@dptr,a
                           1244 ;	genPointerSet
                           1245 ;     genFarPointerSet
   02FD 90s00r46           1246 	mov	dptr,#(_CUcustomCharacter_row_vals_1_1 + 0x003a)
   0300 74 1F              1247 	mov	a,#0x1F
   0302 F0                 1248 	movx	@dptr,a
                           1249 ;	genPointerSet
                           1250 ;     genFarPointerSet
   0303 90s00r47           1251 	mov	dptr,#(_CUcustomCharacter_row_vals_1_1 + 0x003b)
   0306 74 1F              1252 	mov	a,#0x1F
   0308 F0                 1253 	movx	@dptr,a
                           1254 ;	genPointerSet
                           1255 ;     genFarPointerSet
   0309 90s00r48           1256 	mov	dptr,#(_CUcustomCharacter_row_vals_1_1 + 0x003c)
   030C 74 1E              1257 	mov	a,#0x1E
   030E F0                 1258 	movx	@dptr,a
                           1259 ;	genPointerSet
                           1260 ;     genFarPointerSet
   030F 90s00r49           1261 	mov	dptr,#(_CUcustomCharacter_row_vals_1_1 + 0x003d)
   0312 74 1C              1262 	mov	a,#0x1C
   0314 F0                 1263 	movx	@dptr,a
                           1264 ;	genPointerSet
                           1265 ;     genFarPointerSet
   0315 90s00r4A           1266 	mov	dptr,#(_CUcustomCharacter_row_vals_1_1 + 0x003e)
   0318 74 18              1267 	mov	a,#0x18
   031A F0                 1268 	movx	@dptr,a
                           1269 ;	genPointerSet
                           1270 ;     genFarPointerSet
   031B 90s00r4B           1271 	mov	dptr,#(_CUcustomCharacter_row_vals_1_1 + 0x003f)
   031E 74 10              1272 	mov	a,#0x10
   0320 F0                 1273 	movx	@dptr,a
                           1274 ;	LCD_Custom.c:97: addr1 = Datain(0x8000);
                           1275 ;	genCall
                           1276 ;	Peephole 182.b	used 16 bit load of dptr
   0321 90 80 00           1277 	mov	dptr,#0x8000
   0324 12s00r00           1278 	lcall	_Datain
   0327 AA 82              1279 	mov	r2,dpl
                           1280 ;	LCD_Custom.c:98: while(location<8)
                           1281 ;	genAssign
   0329 7B 00              1282 	mov	r3,#0x00
   032B                    1283 00104$:
                           1284 ;	genCmpLt
                           1285 ;	genCmp
   032B BB 08 00           1286 	cjne	r3,#0x08,00116$
   032E                    1287 00116$:
                           1288 ;	genIfxJump
                           1289 ;	Peephole 108.a	removed ljmp by inverse jump logic
   032E 50 51              1290 	jnc	00106$
                           1291 ;	Peephole 300	removed redundant label 00117$
                           1292 ;	LCD_Custom.c:101: CMD_write(0x40+location*8);
                           1293 ;	genLeftShift
                           1294 ;	genLeftShiftLiteral
                           1295 ;	genlshOne
   0330 EB                 1296 	mov	a,r3
   0331 C4                 1297 	swap	a
   0332 03                 1298 	rr	a
   0333 54 F8              1299 	anl	a,#0xf8
                           1300 ;	genPlus
                           1301 ;     genPlusIncr
                           1302 ;	Peephole 236.a	used r4 instead of ar4
   0335 FC                 1303 	mov	r4,a
                           1304 ;	Peephole 214	reduced some extra moves
   0336 24 40              1305 	add	a,#0x40
                           1306 ;	genCall
   0338 FD                 1307 	mov	r5,a
                           1308 ;	Peephole 244.c	loading dpl from a instead of r5
   0339 F5 82              1309 	mov	dpl,a
   033B C0 02              1310 	push	ar2
   033D C0 03              1311 	push	ar3
   033F C0 04              1312 	push	ar4
   0341 12s00r00           1313 	lcall	_CMD_write
   0344 D0 04              1314 	pop	ar4
   0346 D0 03              1315 	pop	ar3
   0348 D0 02              1316 	pop	ar2
                           1317 ;	LCD_Custom.c:102: while (i<8)
                           1318 ;	genAssign
                           1319 ;	genAssign
   034A 90s00r0B           1320 	mov	dptr,#_CUcustomCharacter_i_1_1
   034D E0                 1321 	movx	a,@dptr
   034E FD                 1322 	mov	r5,a
   034F                    1323 00101$:
                           1324 ;	genCmpLt
                           1325 ;	genCmp
   034F BD 08 00           1326 	cjne	r5,#0x08,00118$
   0352                    1327 00118$:
                           1328 ;	genIfxJump
                           1329 ;	Peephole 108.a	removed ljmp by inverse jump logic
   0352 50 25              1330 	jnc	00103$
                           1331 ;	Peephole 300	removed redundant label 00119$
                           1332 ;	LCD_Custom.c:105: DATA_write(row_vals[i+(location*8)]);      //Load row 1 data
                           1333 ;	genPlus
                           1334 ;	Peephole 236.g	used r4 instead of ar4
   0354 EC                 1335 	mov	a,r4
                           1336 ;	Peephole 236.a	used r5 instead of ar5
   0355 2D                 1337 	add	a,r5
                           1338 ;	genPlus
   0356 24r0C              1339 	add	a,#_CUcustomCharacter_row_vals_1_1
   0358 F5 82              1340 	mov	dpl,a
                           1341 ;	Peephole 240	use clr instead of addc a,#0
   035A E4                 1342 	clr	a
   035B 34s00              1343 	addc	a,#(_CUcustomCharacter_row_vals_1_1 >> 8)
   035D F5 83              1344 	mov	dph,a
                           1345 ;	genPointerGet
                           1346 ;	genFarPointerGet
   035F E0                 1347 	movx	a,@dptr
                           1348 ;	genCall
   0360 FE                 1349 	mov	r6,a
                           1350 ;	Peephole 244.c	loading dpl from a instead of r6
   0361 F5 82              1351 	mov	dpl,a
   0363 C0 02              1352 	push	ar2
   0365 C0 03              1353 	push	ar3
   0367 C0 04              1354 	push	ar4
   0369 C0 05              1355 	push	ar5
   036B 12s00r00           1356 	lcall	_DATA_write
   036E D0 05              1357 	pop	ar5
   0370 D0 04              1358 	pop	ar4
   0372 D0 03              1359 	pop	ar3
   0374 D0 02              1360 	pop	ar2
                           1361 ;	LCD_Custom.c:106: i++;
                           1362 ;	genPlus
                           1363 ;     genPlusIncr
   0376 0D                 1364 	inc	r5
                           1365 ;	Peephole 112.b	changed ljmp to sjmp
   0377 80 D6              1366 	sjmp	00101$
   0379                    1367 00103$:
                           1368 ;	LCD_Custom.c:108: i = 0;
                           1369 ;	genAssign
   0379 90s00r0B           1370 	mov	dptr,#_CUcustomCharacter_i_1_1
                           1371 ;	Peephole 181	changed mov to clr
   037C E4                 1372 	clr	a
   037D F0                 1373 	movx	@dptr,a
                           1374 ;	LCD_Custom.c:111: location++;
                           1375 ;	genPlus
                           1376 ;     genPlusIncr
   037E 0B                 1377 	inc	r3
                           1378 ;	Peephole 112.b	changed ljmp to sjmp
   037F 80 AA              1379 	sjmp	00104$
   0381                    1380 00106$:
                           1381 ;	LCD_Custom.c:115: lcdgotoaddr(addr1);
                           1382 ;	genCast
   0381 7B 00              1383 	mov	r3,#0x00
                           1384 ;	genCall
   0383 8A 82              1385 	mov	dpl,r2
   0385 8B 83              1386 	mov	dph,r3
   0387 12s00r00           1387 	lcall	_lcdgotoaddr
                           1388 ;	Peephole 300	removed redundant label 00107$
   038A D0 D0              1389 	pop	psw
   038C 92 AF              1390 	mov	ea,c
   038E 22                 1391 	ret
                           1392 ;------------------------------------------------------------
                           1393 ;Allocation info for local variables in function 'displayCustomCharMap'
                           1394 ;------------------------------------------------------------
                           1395 ;addr1                     Allocated with name '_displayCustomCharMap_addr1_1_1'
                           1396 ;------------------------------------------------------------
                           1397 ;	LCD_Custom.c:119: void displayCustomCharMap()
                           1398 ;	-----------------------------------------
                           1399 ;	 function displayCustomCharMap
                           1400 ;	-----------------------------------------
   038F                    1401 _displayCustomCharMap:
                           1402 ;	LCD_Custom.c:122: addr1 = Datain(0x8000);
                           1403 ;	genCall
                           1404 ;	Peephole 182.b	used 16 bit load of dptr
   038F 90 80 00           1405 	mov	dptr,#0x8000
   0392 12s00r00           1406 	lcall	_Datain
                           1407 ;	LCD_Custom.c:123: CUcustomCharacter();
                           1408 ;	genCall
   0395 12s01rB3           1409 	lcall	_CUcustomCharacter
                           1410 ;	LCD_Custom.c:125: displayCustomChar(0x80, 1);
                           1411 ;	genAssign
   0398 90s00r09           1412 	mov	dptr,#_displayCustomChar_PARM_2
   039B 74 01              1413 	mov	a,#0x01
   039D F0                 1414 	movx	@dptr,a
                           1415 ;	genCall
   039E 75 82 80           1416 	mov	dpl,#0x80
   03A1 12s01r93           1417 	lcall	_displayCustomChar
                           1418 ;	LCD_Custom.c:126: lcdputch(0xFF);
                           1419 ;	genCall
   03A4 75 82 FF           1420 	mov	dpl,#0xFF
   03A7 12s00r00           1421 	lcall	_lcdputch
                           1422 ;	LCD_Custom.c:127: displayCustomChar(0x82,3);
                           1423 ;	genAssign
   03AA 90s00r09           1424 	mov	dptr,#_displayCustomChar_PARM_2
   03AD 74 03              1425 	mov	a,#0x03
   03AF F0                 1426 	movx	@dptr,a
                           1427 ;	genCall
   03B0 75 82 82           1428 	mov	dpl,#0x82
   03B3 12s01r93           1429 	lcall	_displayCustomChar
                           1430 ;	LCD_Custom.c:128: lcdgotoxy(1,0);
                           1431 ;	genAssign
   03B6 90s00r00           1432 	mov	dptr,#_lcdgotoxy_PARM_2
   03B9 E4                 1433 	clr	a
   03BA F0                 1434 	movx	@dptr,a
   03BB A3                 1435 	inc	dptr
   03BC F0                 1436 	movx	@dptr,a
                           1437 ;	genCall
                           1438 ;	Peephole 182.b	used 16 bit load of dptr
   03BD 90 00 01           1439 	mov	dptr,#0x0001
   03C0 12s00r00           1440 	lcall	_lcdgotoxy
                           1441 ;	LCD_Custom.c:129: lcdputch(0xFF);
                           1442 ;	genCall
   03C3 75 82 FF           1443 	mov	dpl,#0xFF
   03C6 12s00r00           1444 	lcall	_lcdputch
                           1445 ;	LCD_Custom.c:130: displayCustomChar(0xC1,5);
                           1446 ;	genAssign
   03C9 90s00r09           1447 	mov	dptr,#_displayCustomChar_PARM_2
   03CC 74 05              1448 	mov	a,#0x05
   03CE F0                 1449 	movx	@dptr,a
                           1450 ;	genCall
   03CF 75 82 C1           1451 	mov	dpl,#0xC1
   03D2 12s01r93           1452 	lcall	_displayCustomChar
                           1453 ;	LCD_Custom.c:131: displayCustomChar(0xC2,4);
                           1454 ;	genAssign
   03D5 90s00r09           1455 	mov	dptr,#_displayCustomChar_PARM_2
   03D8 74 04              1456 	mov	a,#0x04
   03DA F0                 1457 	movx	@dptr,a
                           1458 ;	genCall
   03DB 75 82 C2           1459 	mov	dpl,#0xC2
   03DE 12s01r93           1460 	lcall	_displayCustomChar
                           1461 ;	LCD_Custom.c:132: displayCustomChar(0xC3,6);
                           1462 ;	genAssign
   03E1 90s00r09           1463 	mov	dptr,#_displayCustomChar_PARM_2
   03E4 74 06              1464 	mov	a,#0x06
   03E6 F0                 1465 	movx	@dptr,a
                           1466 ;	genCall
   03E7 75 82 C3           1467 	mov	dpl,#0xC3
   03EA 12s01r93           1468 	lcall	_displayCustomChar
                           1469 ;	LCD_Custom.c:133: displayCustomChar(0xC4,4);
                           1470 ;	genAssign
   03ED 90s00r09           1471 	mov	dptr,#_displayCustomChar_PARM_2
   03F0 74 04              1472 	mov	a,#0x04
   03F2 F0                 1473 	movx	@dptr,a
                           1474 ;	genCall
   03F3 75 82 C4           1475 	mov	dpl,#0xC4
   03F6 12s01r93           1476 	lcall	_displayCustomChar
                           1477 ;	LCD_Custom.c:134: displayCustomChar(0xC5,5);
                           1478 ;	genAssign
   03F9 90s00r09           1479 	mov	dptr,#_displayCustomChar_PARM_2
   03FC 74 05              1480 	mov	a,#0x05
   03FE F0                 1481 	movx	@dptr,a
                           1482 ;	genCall
   03FF 75 82 C5           1483 	mov	dpl,#0xC5
   0402 12s01r93           1484 	lcall	_displayCustomChar
                           1485 ;	LCD_Custom.c:135: lcdgotoxy(2,0);
                           1486 ;	genAssign
   0405 90s00r00           1487 	mov	dptr,#_lcdgotoxy_PARM_2
   0408 E4                 1488 	clr	a
   0409 F0                 1489 	movx	@dptr,a
   040A A3                 1490 	inc	dptr
   040B F0                 1491 	movx	@dptr,a
                           1492 ;	genCall
                           1493 ;	Peephole 182.b	used 16 bit load of dptr
   040C 90 00 02           1494 	mov	dptr,#0x0002
   040F 12s00r00           1495 	lcall	_lcdgotoxy
                           1496 ;	LCD_Custom.c:136: displayCustomChar(0x90,2);
                           1497 ;	genAssign
   0412 90s00r09           1498 	mov	dptr,#_displayCustomChar_PARM_2
   0415 74 02              1499 	mov	a,#0x02
   0417 F0                 1500 	movx	@dptr,a
                           1501 ;	genCall
   0418 75 82 90           1502 	mov	dpl,#0x90
   041B 12s01r93           1503 	lcall	_displayCustomChar
                           1504 ;	LCD_Custom.c:137: lcdputch(0xFF);
                           1505 ;	genCall
   041E 75 82 FF           1506 	mov	dpl,#0xFF
   0421 12s00r00           1507 	lcall	_lcdputch
                           1508 ;	LCD_Custom.c:138: displayCustomChar(0x92,7);
                           1509 ;	genAssign
   0424 90s00r09           1510 	mov	dptr,#_displayCustomChar_PARM_2
   0427 74 07              1511 	mov	a,#0x07
   0429 F0                 1512 	movx	@dptr,a
                           1513 ;	genCall
   042A 75 82 92           1514 	mov	dpl,#0x92
   042D 12s01r93           1515 	lcall	_displayCustomChar
                           1516 ;	LCD_Custom.c:139: lcdputch(' ');
                           1517 ;	genCall
   0430 75 82 20           1518 	mov	dpl,#0x20
   0433 12s00r00           1519 	lcall	_lcdputch
                           1520 ;	LCD_Custom.c:140: lcdputch(0xFF);
                           1521 ;	genCall
   0436 75 82 FF           1522 	mov	dpl,#0xFF
   0439 12s00r00           1523 	lcall	_lcdputch
                           1524 ;	LCD_Custom.c:141: displayCustomChar(0xD2,2);
                           1525 ;	genAssign
   043C 90s00r09           1526 	mov	dptr,#_displayCustomChar_PARM_2
   043F 74 02              1527 	mov	a,#0x02
   0441 F0                 1528 	movx	@dptr,a
                           1529 ;	genCall
   0442 75 82 D2           1530 	mov	dpl,#0xD2
   0445 12s01r93           1531 	lcall	_displayCustomChar
                           1532 ;	LCD_Custom.c:142: lcdputch(0xFF);
                           1533 ;	genCall
   0448 75 82 FF           1534 	mov	dpl,#0xFF
   044B 12s00r00           1535 	lcall	_lcdputch
                           1536 ;	LCD_Custom.c:143: displayCustomChar(0xD4,7);
                           1537 ;	genAssign
   044E 90s00r09           1538 	mov	dptr,#_displayCustomChar_PARM_2
   0451 74 07              1539 	mov	a,#0x07
   0453 F0                 1540 	movx	@dptr,a
                           1541 ;	genCall
   0454 75 82 D4           1542 	mov	dpl,#0xD4
   0457 12s01r93           1543 	lcall	_displayCustomChar
                           1544 ;	LCD_Custom.c:144: lcdgotoaddr(0x8000);
                           1545 ;	genCall
                           1546 ;	Peephole 182.b	used 16 bit load of dptr
   045A 90 80 00           1547 	mov	dptr,#0x8000
                           1548 ;	Peephole 253.b	replaced lcall/ret with ljmp
   045D 02s00r00           1549 	ljmp	_lcdgotoaddr
                           1550 ;
                           1551 	.area CSEG    (CODE)
                           1552 	.area CONST   (CODE)
   0000                    1553 __str_0:
   0000 0A                 1554 	.db 0x0A
   0001 0D                 1555 	.db 0x0D
   0002 0A                 1556 	.db 0x0A
   0003 0D                 1557 	.db 0x0D
   0004 00                 1558 	.db 0x00
   0005                    1559 __str_1:
   0005 09                 1560 	.db 0x09
   0006 09                 1561 	.db 0x09
   0007 09                 1562 	.db 0x09
   0008 09                 1563 	.db 0x09
   0009 09                 1564 	.db 0x09
   000A 09                 1565 	.db 0x09
   000B 09                 1566 	.db 0x09
   000C 4E 6F 77 20 79 6F  1567 	.ascii "Now you are going to create a 5*8 custom character"
        75 20 61 72 65 20
        67 6F 69 6E 67 20
        74 6F 20 63 72 65
        61 74 65 20 61 20
        35 2A 38 20 63 75
        73 74 6F 6D 20 63
        68 61 72 61 63 74
        65 72
   003E 0A                 1568 	.db 0x0A
   003F 0D                 1569 	.db 0x0D
   0040 00                 1570 	.db 0x00
   0041                    1571 __str_2:
   0041 09                 1572 	.db 0x09
   0042 09                 1573 	.db 0x09
   0043 09                 1574 	.db 0x09
   0044 09                 1575 	.db 0x09
   0045 09                 1576 	.db 0x09
   0046 09                 1577 	.db 0x09
   0047 09                 1578 	.db 0x09
   0048 45 6E 74 65 72 20  1579 	.ascii "Enter the character code (ccode) of ROW '%d' in hex f"
        74 68 65 20 63 68
        61 72 61 63 74 65
        72 20 63 6F 64 65
        20 28 63 63 6F 64
        65 29 20 6F 66 20
        52 4F 57 20 27 25
        64 27 20 69 6E 20
        68 65 78 20 66
   007D 6F 72 6D 61 74     1580 	.ascii "ormat"
   0082 0A                 1581 	.db 0x0A
   0083 0D                 1582 	.db 0x0D
   0084 00                 1583 	.db 0x00
   0085                    1584 __str_3:
   0085 0A                 1585 	.db 0x0A
   0086 0D                 1586 	.db 0x0D
   0087 00                 1587 	.db 0x00
   0088                    1588 __str_4:
   0088 54 68 65 20 63 68  1589 	.ascii "The character you have entered is *%x* "
        61 72 61 63 74 65
        72 20 79 6F 75 20
        68 61 76 65 20 65
        6E 74 65 72 65 64
        20 69 73 20 2A 25
        78 2A 20
   00AF 0A                 1590 	.db 0x0A
   00B0 0D                 1591 	.db 0x0D
   00B1 00                 1592 	.db 0x00
   00B2                    1593 __str_5:
   00B2 09                 1594 	.db 0x09
   00B3 09                 1595 	.db 0x09
   00B4 09                 1596 	.db 0x09
   00B5 09                 1597 	.db 0x09
   00B6 09                 1598 	.db 0x09
   00B7 09                 1599 	.db 0x09
   00B8 09                 1600 	.db 0x09
   00B9 55 20 68 61 76 65  1601 	.ascii "U have entered ccode sussessfully !!!"
        20 65 6E 74 65 72
        65 64 20 63 63 6F
        64 65 20 73 75 73
        73 65 73 73 66 75
        6C 6C 79 20 21 21
        21
   00DE 0A                 1602 	.db 0x0A
   00DF 0D                 1603 	.db 0x0D
   00E0 00                 1604 	.db 0x00
   00E1                    1605 __str_6:
   00E1 09                 1606 	.db 0x09
   00E2 09                 1607 	.db 0x09
   00E3 09                 1608 	.db 0x09
   00E4 09                 1609 	.db 0x09
   00E5 09                 1610 	.db 0x09
   00E6 09                 1611 	.db 0x09
   00E7 09                 1612 	.db 0x09
   00E8 43 72 65 61 74 69  1613 	.ascii "Creating Custom character..."
        6E 67 20 43 75 73
        74 6F 6D 20 63 68
        61 72 61 63 74 65
        72 2E 2E 2E
   0104 0A                 1614 	.db 0x0A
   0105 0D                 1615 	.db 0x0D
   0106 00                 1616 	.db 0x00
   0107                    1617 __str_7:
   0107 09                 1618 	.db 0x09
   0108 09                 1619 	.db 0x09
   0109 09                 1620 	.db 0x09
   010A 09                 1621 	.db 0x09
   010B 09                 1622 	.db 0x09
   010C 09                 1623 	.db 0x09
   010D 09                 1624 	.db 0x09
   010E 45 6E 74 65 72 20  1625 	.ascii "Enter the address on LCD to display your created cust"
        74 68 65 20 61 64
        64 72 65 73 73 20
        6F 6E 20 4C 43 44
        20 74 6F 20 64 69
        73 70 6C 61 79 20
        79 6F 75 72 20 63
        72 65 61 74 65 64
        20 63 75 73 74
   0143 6F 6D 20 63 68 61  1626 	.ascii "om character"
        72 61 63 74 65 72
   014F 0A                 1627 	.db 0x0A
   0150 0D                 1628 	.db 0x0D
   0151 00                 1629 	.db 0x00
   0152                    1630 __str_8:
   0152 09                 1631 	.db 0x09
   0153 09                 1632 	.db 0x09
   0154 09                 1633 	.db 0x09
   0155 09                 1634 	.db 0x09
   0156 09                 1635 	.db 0x09
   0157 09                 1636 	.db 0x09
   0158 09                 1637 	.db 0x09
   0159 44 69 73 70 6C 61  1638 	.ascii "Displaying the created custom character on LCD..."
        79 69 6E 67 20 74
        68 65 20 63 72 65
        61 74 65 64 20 63
        75 73 74 6F 6D 20
        63 68 61 72 61 63
        74 65 72 20 6F 6E
        20 4C 43 44 2E 2E
        2E
   018A 0A                 1639 	.db 0x0A
   018B 0D                 1640 	.db 0x0D
   018C 00                 1641 	.db 0x00
                           1642 	.area XINIT   (CODE)
